<?xml version="1.0" encoding="UTF-8"?>
<!-- Generated by org.testng.reporters.JUnitReportReporter -->
<testsuite hostname="LAP00207" failures="0" tests="1" name="imPAC.util.TableSample" time="144.247" errors="0" timestamp="2023-11-24T15:20:30 IST" skipped="0">
  <testcase classname="imPAC.util.TableSample" name="tc1" time="144.247"/>
  <system-out/>
</testsuite> <!-- imPAC.util.TableSample -->
