<?xml version="1.0" encoding="UTF-8"?>
<!-- Generated by org.testng.reporters.JUnitReportReporter -->
<testsuite hostname="LAP00207" failures="0" tests="1" name="com.framework.Tests.PbookList" time="150.425" errors="0" timestamp="2023-11-23T11:26:40 IST" skipped="0">
  <testcase classname="com.framework.Tests.PbookList" name="tc001" time="150.425"/>
  <system-out/>
</testsuite> <!-- com.framework.Tests.PbookList -->
