<?xml version="1.0" encoding="UTF-8"?>
<!-- Generated by org.testng.reporters.JUnitReportReporter -->
<testsuite hostname="LAP00207" failures="0" tests="1" name="com.framework.Tests.FrameworkTest" time="17.605" errors="0" timestamp="2023-11-06T14:39:22 IST" skipped="0">
  <testcase classname="com.framework.Tests.FrameworkTest" name="frameworkT1" time="17.605"/>
  <system-out/>
</testsuite> <!-- com.framework.Tests.FrameworkTest -->
