<?xml version="1.0" encoding="UTF-8"?>
<!-- Generated by org.testng.reporters.JUnitReportReporter -->
<testsuite hostname="LAP00207" failures="0" tests="1" name="com.framework.Tests.CheckboxSelectionTest" time="30.393" errors="0" timestamp="2023-11-06T17:36:45 IST" skipped="0">
  <testcase classname="com.framework.Tests.CheckboxSelectionTest" name="checkboxT1" time="30.393"/>
  <system-out/>
</testsuite> <!-- com.framework.Tests.CheckboxSelectionTest -->
