<?xml version="1.0" encoding="UTF-8"?>
<!-- Generated by org.testng.reporters.JUnitReportReporter -->
<testsuite hostname="LAP00207" failures="0" tests="1" name="com.framework.Tests.DescribeTest" time="1.221" errors="0" timestamp="2023-11-06T11:21:28 IST" skipped="0">
  <testcase classname="com.framework.Tests.DescribeTest" name="pbTc1" time="1.221"/>
  <system-out/>
</testsuite> <!-- com.framework.Tests.DescribeTest -->
