<?xml version="1.0" encoding="UTF-8"?>
<!-- Generated by org.testng.reporters.JUnitReportReporter -->
<testsuite hostname="LAP00207" failures="0" tests="1" name="com.framework.Tests.PlaybookCreation" time="158.293" errors="0" timestamp="2023-11-24T11:59:29 IST" skipped="0">
  <testcase classname="com.framework.Tests.PlaybookCreation" name="pbTcT1" time="158.293"/>
  <system-out/>
</testsuite> <!-- com.framework.Tests.PlaybookCreation -->
