<?xml version="1.0" encoding="UTF-8"?>
<!-- Generated by org.testng.reporters.JUnitReportReporter -->
<testsuite hostname="LAP00207" failures="0" tests="1" name="com.framework.Tests.Tc003" time="140.860" errors="0" timestamp="2023-11-14T18:25:16 IST" skipped="0">
  <testcase classname="com.framework.Tests.Tc003" name="tc03" time="140.860"/>
  <system-out/>
</testsuite> <!-- com.framework.Tests.Tc003 -->
