<?xml version="1.0" encoding="UTF-8"?>
<!-- Generated by org.testng.reporters.JUnitReportReporter -->
<testsuite hostname="LAP00207" failures="0" tests="1" name="imPAC.util.Tabletest" time="122.137" errors="0" timestamp="2023-11-23T17:57:27 IST" skipped="0">
  <testcase classname="imPAC.util.Tabletest" name="test" time="122.137"/>
  <system-out/>
</testsuite> <!-- imPAC.util.Tabletest -->
