<?xml version="1.0" encoding="UTF-8"?>
<!-- Generated by org.testng.reporters.JUnitReportReporter -->
<testsuite hostname="LAP00207" failures="0" tests="1" name="com.framework.Tests.ScheduleTest" time="1.455" errors="0" timestamp="2023-11-09T15:57:46 IST" skipped="0">
  <testcase classname="com.framework.Tests.ScheduleTest" name="ScheduleT1" time="1.455"/>
  <system-out/>
</testsuite> <!-- com.framework.Tests.ScheduleTest -->
