<?xml version="1.0" encoding="UTF-8"?>
<!-- Generated by org.testng.reporters.JUnitReportReporter -->
<testsuite hostname="LAP00207" failures="0" tests="1" name="com.framework.BaseClass.BaseTest" time="0.014" errors="0" timestamp="2023-10-31T22:51:37 IST" skipped="0">
  <testcase classname="com.framework.BaseClass.BaseTest" name="OpenBrowser" time="0.014"/>
  <system-out/>
</testsuite> <!-- com.framework.BaseClass.BaseTest -->
